<?xml version="1.0" encoding="UTF-8"?>
<coverage generated="1538348977363" clover="3.2.0">
  <project timestamp="1538348977363" name="All files">
    <metrics statements="23" coveredstatements="19" conditionals="20" coveredconditionals="14" methods="6" coveredmethods="5" elements="49" coveredelements="38" complexity="0" loc="23" ncloc="23" packages="3" files="3" classes="3">
      <package name="Logger">
        <metrics statements="12" coveredstatements="8" conditionals="18" coveredconditionals="13" methods="3" coveredmethods="2"/>
        <file name="Logger.component.js" path="D:\xampp\projects\flowkey-task\react-piano-task\res-piano\src\components\Logger\Logger.component.js">
          <metrics statements="12" coveredstatements="8" conditionals="18" coveredconditionals="13" methods="3" coveredmethods="2"/>
          <line num="9" count="1" type="stmt"/>
          <line num="16" count="6" type="cond" truecount="2" falsecount="0"/>
          <line num="17" count="6" type="cond" truecount="2" falsecount="0"/>
          <line num="18" count="6" type="cond" truecount="2" falsecount="0"/>
          <line num="22" count="4" type="cond" truecount="2" falsecount="0"/>
          <line num="24" count="2" type="cond" truecount="2" falsecount="2"/>
          <line num="25" count="0" type="stmt"/>
          <line num="28" count="2" type="cond" truecount="3" falsecount="1"/>
          <line num="29" count="0" type="stmt"/>
          <line num="31" count="2" type="stmt"/>
          <line num="37" count="0" type="cond" truecount="0" falsecount="2"/>
          <line num="38" count="0" type="stmt"/>
        </file>
      </package>
      <package name="Queries">
        <metrics statements="3" coveredstatements="3" conditionals="0" coveredconditionals="0" methods="1" coveredmethods="1"/>
        <file name="Queries.js" path="D:\xampp\projects\flowkey-task\react-piano-task\res-piano\src\components\Queries\Queries.js">
          <metrics statements="3" coveredstatements="3" conditionals="0" coveredconditionals="0" methods="1" coveredmethods="1"/>
          <line num="6" count="1" type="stmt"/>
          <line num="11" count="1" type="stmt"/>
          <line num="12" count="1" type="stmt"/>
        </file>
      </package>
      <package name="Utils">
        <metrics statements="8" coveredstatements="8" conditionals="2" coveredconditionals="1" methods="2" coveredmethods="2"/>
        <file name="Utils.js" path="D:\xampp\projects\flowkey-task\react-piano-task\res-piano\src\components\Utils\Utils.js">
          <metrics statements="8" coveredstatements="8" conditionals="2" coveredconditionals="1" methods="2" coveredmethods="2"/>
          <line num="1" count="1" type="stmt"/>
          <line num="2" count="2" type="cond" truecount="1" falsecount="1"/>
          <line num="3" count="2" type="stmt"/>
          <line num="5" count="2" type="stmt"/>
          <line num="6" count="2" type="stmt"/>
          <line num="9" count="1" type="stmt"/>
          <line num="10" count="5" type="stmt"/>
          <line num="11" count="5" type="stmt"/>
        </file>
      </package>
    </metrics>
  </project>
</coverage>
