{"D:\\xampp\\projects\\flowkey-task\\react-piano-task\\res-piano\\src\\components\\Logger\\Logger.component.js": {"path":"D:\\xampp\\projects\\flowkey-task\\react-piano-task\\res-piano\\src\\components\\Logger\\Logger.component.js","statementMap":{"0":{"start":{"line":9,"column":22},"end":{"line":12,"column":1}},"1":{"start":{"line":16,"column":8},"end":{"line":16,"column":57}},"2":{"start":{"line":17,"column":8},"end":{"line":17,"column":66}},"3":{"start":{"line":18,"column":8},"end":{"line":18,"column":78}},"4":{"start":{"line":22,"column":8},"end":{"line":22,"column":47}},"5":{"start":{"line":22,"column":36},"end":{"line":22,"column":47}},"6":{"start":{"line":24,"column":8},"end":{"line":26,"column":9}},"7":{"start":{"line":25,"column":12},"end":{"line":25,"column":43}},"8":{"start":{"line":28,"column":8},"end":{"line":32,"column":9}},"9":{"start":{"line":29,"column":12},"end":{"line":29,"column":43}},"10":{"start":{"line":31,"column":12},"end":{"line":31,"column":23}},"11":{"start":{"line":37,"column":20},"end":{"line":37,"column":116}},"12":{"start":{"line":38,"column":8},"end":{"line":38,"column":56}}},"fnMap":{"0":{"name":"(anonymous_0)","decl":{"start":{"line":15,"column":4},"end":{"line":15,"column":5}},"loc":{"start":{"line":15,"column":63},"end":{"line":19,"column":5}},"line":15},"1":{"name":"(anonymous_1)","decl":{"start":{"line":21,"column":4},"end":{"line":21,"column":5}},"loc":{"start":{"line":21,"column":29},"end":{"line":33,"column":5}},"line":21},"2":{"name":"(anonymous_2)","decl":{"start":{"line":36,"column":4},"end":{"line":36,"column":5}},"loc":{"start":{"line":36,"column":31},"end":{"line":39,"column":5}},"line":36}},"branchMap":{"0":{"loc":{"start":{"line":16,"column":27},"end":{"line":16,"column":56}},"type":"cond-expr","locations":[{"start":{"line":16,"column":41},"end":{"line":16,"column":52}},{"start":{"line":16,"column":55},"end":{"line":16,"column":56}}],"line":16},"1":{"loc":{"start":{"line":17,"column":29},"end":{"line":17,"column":65}},"type":"cond-expr","locations":[{"start":{"line":17,"column":45},"end":{"line":17,"column":58}},{"start":{"line":17,"column":61},"end":{"line":17,"column":65}}],"line":17},"2":{"loc":{"start":{"line":18,"column":33},"end":{"line":18,"column":77}},"type":"cond-expr","locations":[{"start":{"line":18,"column":53},"end":{"line":18,"column":70}},{"start":{"line":18,"column":73},"end":{"line":18,"column":77}}],"line":18},"3":{"loc":{"start":{"line":22,"column":8},"end":{"line":22,"column":47}},"type":"if","locations":[{"start":{"line":22,"column":8},"end":{"line":22,"column":47}},{"start":{"line":22,"column":8},"end":{"line":22,"column":47}}],"line":22},"4":{"loc":{"start":{"line":24,"column":8},"end":{"line":26,"column":9}},"type":"if","locations":[{"start":{"line":24,"column":8},"end":{"line":26,"column":9}},{"start":{"line":24,"column":8},"end":{"line":26,"column":9}}],"line":24},"5":{"loc":{"start":{"line":24,"column":12},"end":{"line":24,"column":69}},"type":"binary-expr","locations":[{"start":{"line":24,"column":12},"end":{"line":24,"column":37}},{"start":{"line":24,"column":41},"end":{"line":24,"column":69}}],"line":24},"6":{"loc":{"start":{"line":28,"column":8},"end":{"line":32,"column":9}},"type":"if","locations":[{"start":{"line":28,"column":8},"end":{"line":32,"column":9}},{"start":{"line":28,"column":8},"end":{"line":32,"column":9}}],"line":28},"7":{"loc":{"start":{"line":28,"column":12},"end":{"line":28,"column":55}},"type":"binary-expr","locations":[{"start":{"line":28,"column":12},"end":{"line":28,"column":25}},{"start":{"line":28,"column":30},"end":{"line":28,"column":54}}],"line":28},"8":{"loc":{"start":{"line":37,"column":20},"end":{"line":37,"column":116}},"type":"cond-expr","locations":[{"start":{"line":37,"column":56},"end":{"line":37,"column":89}},{"start":{"line":37,"column":92},"end":{"line":37,"column":116}}],"line":37}},"s":{"0":1,"1":6,"2":6,"3":6,"4":4,"5":2,"6":2,"7":0,"8":2,"9":0,"10":2,"11":0,"12":0},"f":{"0":6,"1":4,"2":0},"b":{"0":[2,4],"1":[1,5],"2":[3,3],"3":[2,2],"4":[0,2],"5":[2,0],"6":[0,2],"7":[2,1],"8":[0,0]},"_coverageSchema":"332fd63041d2c1bcb487cc26dd0d5f7d97098a6c","hash":"42ef8ec7202e6e267142ba912f09d38c7d5f0c9e"}
,"D:\\xampp\\projects\\flowkey-task\\react-piano-task\\res-piano\\src\\components\\Queries\\Queries.js": {"path":"D:\\xampp\\projects\\flowkey-task\\react-piano-task\\res-piano\\src\\components\\Queries\\Queries.js","statementMap":{"0":{"start":{"line":6,"column":15},"end":{"line":8,"column":2}},"1":{"start":{"line":11,"column":23},"end":{"line":26,"column":1}},"2":{"start":{"line":12,"column":4},"end":{"line":25,"column":6}}},"fnMap":{"0":{"name":"(anonymous_0)","decl":{"start":{"line":11,"column":23},"end":{"line":11,"column":24}},"loc":{"start":{"line":11,"column":29},"end":{"line":26,"column":1}},"line":11}},"branchMap":{},"s":{"0":1,"1":1,"2":1},"f":{"0":1},"b":{},"_coverageSchema":"332fd63041d2c1bcb487cc26dd0d5f7d97098a6c","hash":"918bd4f8a6830abfd3eaf0b6814f9c912ee289f4"}
,"D:\\xampp\\projects\\flowkey-task\\react-piano-task\\res-piano\\src\\components\\Utils\\Utils.js": {"path":"D:\\xampp\\projects\\flowkey-task\\react-piano-task\\res-piano\\src\\components\\Utils\\Utils.js","statementMap":{"0":{"start":{"line":1,"column":42},"end":{"line":7,"column":1}},"1":{"start":{"line":2,"column":4},"end":{"line":2,"column":32}},"2":{"start":{"line":2,"column":23},"end":{"line":2,"column":32}},"3":{"start":{"line":3,"column":18},"end":{"line":3,"column":31}},"4":{"start":{"line":5,"column":21},"end":{"line":5,"column":32}},"5":{"start":{"line":6,"column":4},"end":{"line":6,"column":33}},"6":{"start":{"line":9,"column":42},"end":{"line":12,"column":1}},"7":{"start":{"line":10,"column":22},"end":{"line":10,"column":35}},"8":{"start":{"line":11,"column":4},"end":{"line":11,"column":42}}},"fnMap":{"0":{"name":"(anonymous_0)","decl":{"start":{"line":1,"column":42},"end":{"line":1,"column":43}},"loc":{"start":{"line":1,"column":63},"end":{"line":7,"column":1}},"line":1},"1":{"name":"(anonymous_1)","decl":{"start":{"line":9,"column":42},"end":{"line":9,"column":43}},"loc":{"start":{"line":9,"column":67},"end":{"line":12,"column":1}},"line":9}},"branchMap":{"0":{"loc":{"start":{"line":2,"column":4},"end":{"line":2,"column":32}},"type":"if","locations":[{"start":{"line":2,"column":4},"end":{"line":2,"column":32}},{"start":{"line":2,"column":4},"end":{"line":2,"column":32}}],"line":2}},"s":{"0":1,"1":2,"2":0,"3":2,"4":2,"5":2,"6":1,"7":5,"8":5},"f":{"0":2,"1":5},"b":{"0":[0,2]},"_coverageSchema":"332fd63041d2c1bcb487cc26dd0d5f7d97098a6c","hash":"c0b3bcefdab95a711f03487184c163593c903c2f"}
}
