TN:
SF:D:\xampp\projects\flowkey-task\react-piano-task\res-piano\src\components\Logger\Logger.component.js
FN:15,(anonymous_0)
FN:21,(anonymous_1)
FN:36,(anonymous_2)
FNF:3
FNH:2
FNDA:6,(anonymous_0)
FNDA:4,(anonymous_1)
FNDA:0,(anonymous_2)
DA:9,1
DA:16,6
DA:17,6
DA:18,6
DA:22,4
DA:24,2
DA:25,0
DA:28,2
DA:29,0
DA:31,2
DA:37,0
DA:38,0
LF:12
LH:8
BRDA:16,0,0,2
BRDA:16,0,1,4
BRDA:17,1,0,1
BRDA:17,1,1,5
BRDA:18,2,0,3
BRDA:18,2,1,3
BRDA:22,3,0,2
BRDA:22,3,1,2
BRDA:24,4,0,0
BRDA:24,4,1,2
BRDA:24,5,0,2
BRDA:24,5,1,0
BRDA:28,6,0,0
BRDA:28,6,1,2
BRDA:28,7,0,2
BRDA:28,7,1,1
BRDA:37,8,0,0
BRDA:37,8,1,0
BRF:18
BRH:13
end_of_record
TN:
SF:D:\xampp\projects\flowkey-task\react-piano-task\res-piano\src\components\Queries\Queries.js
FN:11,(anonymous_0)
FNF:1
FNH:1
FNDA:1,(anonymous_0)
DA:6,1
DA:11,1
DA:12,1
LF:3
LH:3
BRF:0
BRH:0
end_of_record
TN:
SF:D:\xampp\projects\flowkey-task\react-piano-task\res-piano\src\components\Utils\Utils.js
FN:1,(anonymous_0)
FN:9,(anonymous_1)
FNF:2
FNH:2
FNDA:2,(anonymous_0)
FNDA:5,(anonymous_1)
DA:1,1
DA:2,2
DA:3,2
DA:5,2
DA:6,2
DA:9,1
DA:10,5
DA:11,5
LF:8
LH:8
BRDA:2,0,0,0
BRDA:2,0,1,2
BRF:2
BRH:1
end_of_record
